<?xml version="1.0" encoding="UTF-8"?>
<!-- Generated by org.testng.reporters.JUnitXMLReporter -->
<testsuite ignored="2" hostname="DESKTOP-3DPRU8F" failures="0" tests="2" name="Default test" time="34.134" errors="0" timestamp="2023-12-18T21:46:41 PST">
  <testcase classname="Class" name="ClickOnOddNumber" time="18.333"/>
  <testcase classname="Class" name="Multiply" time="15.733"/>
  <testcase classname="Class" name="ClickOnEvenNumber" time="0.0">
    <ignored/>
  </testcase> <!-- ClickOnEvenNumber -->
  <testcase classname="Class" name="AddAllNumbers" time="0.0">
    <ignored/>
  </testcase> <!-- AddAllNumbers -->
</testsuite> <!-- Default test -->
